<?xml version="1.0" encoding="UTF-8"?>
<beans xmlns="http://www.springframework.org/schema/beans"
	xmlns:xsi="http://www.w3.org/2001/XMLSchema-instance" xmlns:p="http://www.springframework.org/schema/p"
	xmlns:tx="http://www.springframework.org/schema/tx" xmlns:aop="http://www.springframework.org/schema/aop"
	xsi:schemaLocation="
	http://www.springframework.org/schema/beans
	http://www.springframework.org/schema/beans/spring-beans.xsd
	http://www.springframework.org/schema/tx
	http://www.springframework.org/schema/tx/spring-tx-3.0.xsd
	http://www.springframework.org/schema/aop 
	http://www.springframework.org/schema/aop/spring-aop-3.0.xsd
	">

	<bean class="org.springframework.beans.factory.annotation.AutowiredAnnotationBeanPostProcessor"/>

	<bean id="platinumService" class="com.platinumwill.service.PlatinumServiceImpl">
		<property name="platinumDao" ref="platinumDao" />
	</bean>

	<bean id="platinumDao" class="com.platinumwill.dao.PlatinumDaoImpl">
		<property name="sessionFactory" ref="sessionFactory" />
	</bean>

	<aop:config>
		<aop:pointcut id="serviceQuery"
			expression="execution(* com.platinumwill..service.*.query*(..))" />
		<aop:advisor advice-ref="txAdvice" pointcut-ref="serviceQuery" />
	</aop:config>

	<tx:advice id="txAdvice" transaction-manager="transactionManager">
		<tx:attributes>
			<tx:method name="*" read-only="true" />
			<!-- <tx:method name="*" read-only="true" propagation="REQUIRED" /> -->
			<!-- <tx:method name="*"/> -->
		</tx:attributes>
	</tx:advice>

	<bean id="transactionManager"
		class="org.springframework.orm.hibernate4.HibernateTransactionManager">
		<property name="sessionFactory" ref="sessionFactory" />
	</bean>

	<!-- <tx:annotation-driven/> -->

	<bean id="sessionFactory"
		class="org.springframework.orm.hibernate4.LocalSessionFactoryBean">
		<property name="dataSource" ref="dataSource" />
		<property name="hibernateProperties">
			<props>
				<prop key="hibernate.dialect">org.hibernate.dialect.SQLServerDialect</prop>
				<prop key="hibernate.show_sql">true</prop>
				<!-- <prop key="hibernate.hbm2ddl.auto">create</prop> -->
			</props>
		</property>
		
<!-- 		<property name="annotatedClasses"> -->
<!-- 			<list> -->
<!-- 				<value>com.platinumwill.entity.annotated.*</value> -->
<!-- 			</list> -->
<!-- 		</property> -->
<!-- 		<property name="mappingResources"> -->
<!-- 			<list> -->
<!-- 				<value>platinum.hbm.xml</value> -->
<!-- 			</list> -->
<!-- 		</property> -->
		<property name="mappingLocations">
			<list>
				<value>classpath:com/platinumwill/entity/*.xml</value>
			</list>
		</property>
		
	</bean>

	<bean id="dataSource" class="org.apache.commons.dbcp.BasicDataSource"
		destroy-method="close">
		<property name="driverClassName" value="${jdbc_driver_class}" />
		<property name="url" value="${jdbc_url}" />
		<property name="username" value="${jdbc.user.name}" />
		<property name="password" value="${jdbc.user.password}" />
	</bean>

</beans>
